<?xml version="1.0" encoding="UTF-8"?>
<testng-results ignored="0" total="1" passed="1" failed="0" skipped="0">
  <reporter-output>
  </reporter-output>
  <suite started-at="2024-05-27T12:09:06 PKT" name="Default suite" finished-at="2024-05-27T12:09:13 PKT" duration-ms="6775">
    <groups>
    </groups>
    <test started-at="2024-05-27T12:09:06 PKT" name="Default test" finished-at="2024-05-27T12:09:13 PKT" duration-ms="6775">
      <class name="test.automate.TestNG">
        <test-method is-config="true" signature="setUpTest()[pri:0, instance:test.automate.TestNG@2b30a42c]" started-at="2024-05-27T12:09:06 PKT" name="setUpTest" finished-at="2024-05-27T12:09:09 PKT" duration-ms="3056" status="PASS">
          <reporter-output>
          </reporter-output>
        </test-method> <!-- setUpTest -->
        <test-method signature="googleSearch()[pri:0, instance:test.automate.TestNG@2b30a42c]" started-at="2024-05-27T12:09:09 PKT" name="googleSearch" finished-at="2024-05-27T12:09:13 PKT" duration-ms="3487" status="PASS">
          <reporter-output>
          </reporter-output>
        </test-method> <!-- googleSearch -->
        <test-method is-config="true" signature="tearDownTest()[pri:0, instance:test.automate.TestNG@2b30a42c]" started-at="2024-05-27T12:09:13 PKT" name="tearDownTest" finished-at="2024-05-27T12:09:13 PKT" duration-ms="196" status="PASS">
          <reporter-output>
          </reporter-output>
        </test-method> <!-- tearDownTest -->
      </class> <!-- test.automate.TestNG -->
    </test> <!-- Default test -->
  </suite> <!-- Default suite -->
</testng-results>
